{
  message: 'Mon Aug 07 2023 16:52:45 GMT+0530 (India Standard Time):/employees/login:POST',
  level: 'info'
}
{ message: 'Logged in User ash', level: 'info' }
{
  message: 'Mon Aug 07 2023 16:53:58 GMT+0530 (India Standard Time):/employees:POST',
  level: 'info'
}
{ message: 'status :400 message:Validation Errors ', level: 'error' }
{
  message: 'Mon Aug 07 2023 16:54:12 GMT+0530 (India Standard Time):/employees:POST',
  level: 'info'
}
{ message: 'Created Department with id 6', level: 'info' }
{
  message: 'Mon Aug 07 2023 16:54:56 GMT+0530 (India Standard Time):/employees/2:PUT',
  level: 'info'
}
{
  message: 'Mon Aug 07 2023 16:55:15 GMT+0530 (India Standard Time):/employees:GET',
  level: 'info'
}
{
  message: 'Mon Aug 07 2023 16:55:20 GMT+0530 (India Standard Time):/employees:GET',
  level: 'info'
}
{ message: 'Recieved All Departments', level: 'info' }
{
  message: 'Mon Aug 07 2023 16:55:57 GMT+0530 (India Standard Time):/employees/6:PUT',
  level: 'info'
}
{ message: 'Created Department with id 6', level: 'info' }
{
  message: 'Mon Aug 07 2023 16:56:08 GMT+0530 (India Standard Time):/employees/6:DELETE',
  level: 'info'
}
{
  message: 'Mon Aug 07 2023 16:56:22 GMT+0530 (India Standard Time):/employees/6:DELETE',
  level: 'info'
}
{ message: 'Created Department with id 6', level: 'info' }
{
  message: 'Mon Aug 07 2023 16:56:31 GMT+0530 (India Standard Time):/employees/5:GET',
  level: 'info'
}
{ message: 'Recieved Department with id 5', level: 'info' }
{
  message: 'Mon Aug 07 2023 16:56:36 GMT+0530 (India Standard Time):/roles:GET',
  level: 'info'
}
{
  message: 'Mon Aug 07 2023 16:56:48 GMT+0530 (India Standard Time):/department:POST',
  level: 'info'
}
{ message: 'Created Department with id 4', level: 'info' }
{
  message: 'Mon Aug 07 2023 16:56:53 GMT+0530 (India Standard Time):/department:GET',
  level: 'info'
}
{ message: 'recieved all departments', level: 'info' }
{
  message: 'Mon Aug 07 2023 16:57:00 GMT+0530 (India Standard Time):/department/4:GET',
  level: 'info'
}
{ message: 'Recived Department with 4', level: 'info' }
{
  message: 'Mon Aug 07 2023 16:57:15 GMT+0530 (India Standard Time):/department/4:PUT',
  level: 'info'
}
{ message: 'Updated Department with id 4', level: 'info' }
{
  message: 'Mon Aug 07 2023 16:57:30 GMT+0530 (India Standard Time):/department/4:DELETE',
  level: 'info'
}
{ message: 'Deleted Department with id 4', level: 'info' }
{
  message: 'Mon Aug 07 2023 17:12:11 GMT+0530 (India Standard Time):/employees/login:POST',
  level: 'info'
}
{ message: 'Logged in User ash', level: 'info' }
{
  message: 'Mon Aug 07 2023 17:12:36 GMT+0530 (India Standard Time):/employees:GET',
  level: 'info'
}
{ message: 'Recieved All Departments', level: 'info' }
{
  message: 'Mon Aug 07 2023 17:13:33 GMT+0530 (India Standard Time):/employees:POST',
  level: 'info'
}
{ message: 'Created Department with id 7', level: 'info' }
{
  message: 'Mon Aug 07 2023 17:14:20 GMT+0530 (India Standard Time):/employees/login:POST',
  level: 'info'
}
{
  message: 'status :401 message:Incorrect username or Password ',
  level: 'error'
}
{
  message: 'Mon Aug 07 2023 17:14:35 GMT+0530 (India Standard Time):/employees/login:POST',
  level: 'info'
}
{ message: 'Logged in User Javed', level: 'info' }
{
  message: 'Mon Aug 07 2023 17:15:10 GMT+0530 (India Standard Time):/employees:POST',
  level: 'info'
}
{
  message: 'status :403 message:You are not authorized to perform this action ',
  level: 'error'
}
{
  message: 'Mon Aug 07 2023 18:06:01 GMT+0530 (India Standard Time):/employees:POST',
  level: 'info'
}
{
  message: 'Mon Aug 07 2023 18:08:26 GMT+0530 (India Standard Time):/department:POST',
  level: 'info'
}
{ message: 'Created Department with id 5', level: 'info' }
{
  message: 'Mon Aug 07 2023 18:12:30 GMT+0530 (India Standard Time):/employees:POST',
  level: 'info'
}
{ message: 'Created Department with id 9', level: 'info' }
{
  message: 'Mon Aug 07 2023 18:13:42 GMT+0530 (India Standard Time):/employees:POST',
  level: 'info'
}
{
  message: 'status :403 message:You are not authorized to perform this action ',
  level: 'error'
}
{
  message: 'Mon Aug 07 2023 18:13:56 GMT+0530 (India Standard Time):/employees/login:POST',
  level: 'info'
}
{ message: 'Logged in User Javed', level: 'info' }
{
  message: 'Mon Aug 07 2023 18:14:38 GMT+0530 (India Standard Time):/employees:POST',
  level: 'info'
}
{ message: 'status :400 message:Validation Errors ', level: 'error' }
{
  message: 'Mon Aug 07 2023 18:14:45 GMT+0530 (India Standard Time):/employees:POST',
  level: 'info'
}
{ message: 'Created Department with id 10', level: 'info' }
{
  message: 'Mon Aug 07 2023 18:15:22 GMT+0530 (India Standard Time):/employees/10:PUT',
  level: 'info'
}
{
  message: 'Mon Aug 07 2023 18:15:42 GMT+0530 (India Standard Time):/employees/10:PUT',
  level: 'info'
}
{ message: 'Created Department with id 10', level: 'info' }
{
  message: 'Mon Aug 07 2023 18:16:04 GMT+0530 (India Standard Time):/employees/5:GET',
  level: 'info'
}
{
  message: 'Mon Aug 07 2023 18:18:37 GMT+0530 (India Standard Time):/employees/5:GET',
  level: 'info'
}
{
  message: 'Mon Aug 07 2023 18:18:54 GMT+0530 (India Standard Time):/employees/5:GET',
  level: 'info'
}
{
  message: 'status :404 message:Employee not Found with id:5 ',
  level: 'error'
}
{
  message: 'Mon Aug 07 2023 18:19:11 GMT+0530 (India Standard Time):/employees/10:GET',
  level: 'info'
}
{ message: 'Recieved Department with id 10', level: 'info' }
{
  message: 'Mon Aug 07 2023 18:19:28 GMT+0530 (India Standard Time):/employees?page=1&size=10:GET',
  level: 'info'
}
{ message: 'Recieved All Departments', level: 'info' }
{
  message: 'Mon Aug 07 2023 18:20:20 GMT+0530 (India Standard Time):/roles:GET',
  level: 'info'
}
{
  message: 'Mon Aug 07 2023 18:21:15 GMT+0530 (India Standard Time):/department:GET',
  level: 'info'
}
{ message: 'recieved all departments', level: 'info' }
{
  message: 'Mon Aug 07 2023 18:21:30 GMT+0530 (India Standard Time):/department:POST',
  level: 'info'
}
{
  message: 'Mon Aug 07 2023 18:21:55 GMT+0530 (India Standard Time):/department:POST',
  level: 'info'
}
{ message: 'Created Department with id 6', level: 'info' }
{
  message: 'Mon Aug 07 2023 18:21:59 GMT+0530 (India Standard Time):/department:GET',
  level: 'info'
}
{ message: 'recieved all departments', level: 'info' }
{
  message: 'Mon Aug 07 2023 18:22:09 GMT+0530 (India Standard Time):/department/5:GET',
  level: 'info'
}
{ message: 'Recived Department with 5', level: 'info' }
{
  message: 'Mon Aug 07 2023 18:22:28 GMT+0530 (India Standard Time):/department/5:PUT',
  level: 'info'
}
{ message: 'Updated Department with id 5', level: 'info' }
{
  message: 'Mon Aug 07 2023 18:22:38 GMT+0530 (India Standard Time):/department/5:DELETE',
  level: 'info'
}
{
  message: 'status :404 message:Department already has employees ',
  level: 'error'
}
{
  message: 'Mon Aug 07 2023 18:24:39 GMT+0530 (India Standard Time):/employees/10:PATCH',
  level: 'info'
}
{ message: 'Created Department with id 10', level: 'info' }
{
  message: 'Mon Aug 07 2023 18:24:54 GMT+0530 (India Standard Time):/employees:GET',
  level: 'info'
}
{ message: 'Recieved All Departments', level: 'info' }
{
  message: 'Mon Aug 07 2023 18:25:02 GMT+0530 (India Standard Time):/employees:GET',
  level: 'info'
}
{ message: 'Recieved All Departments', level: 'info' }
{
  message: 'Mon Aug 07 2023 18:25:17 GMT+0530 (India Standard Time):/employees/10:PUT',
  level: 'info'
}
{ message: 'Created Department with id 10', level: 'info' }
{
  message: 'Mon Aug 07 2023 18:25:30 GMT+0530 (India Standard Time):/employees:GET',
  level: 'info'
}
{ message: 'Recieved All Departments', level: 'info' }
{
  message: 'Mon Aug 07 2023 18:26:11 GMT+0530 (India Standard Time):/department/6:DELETE',
  level: 'info'
}
{
  message: 'status :404 message:Department already has employees ',
  level: 'error'
}
{
  message: 'Mon Aug 07 2023 18:26:34 GMT+0530 (India Standard Time):/employees/10:DELETE',
  level: 'info'
}
{ message: 'Created Department with id 10', level: 'info' }
{
  message: 'Mon Aug 07 2023 18:26:42 GMT+0530 (India Standard Time):/employees:GET',
  level: 'info'
}
{ message: 'Recieved All Departments', level: 'info' }
{
  message: 'Mon Aug 07 2023 18:26:53 GMT+0530 (India Standard Time):/department:GET',
  level: 'info'
}
{ message: 'recieved all departments', level: 'info' }
{
  message: 'Mon Aug 07 2023 18:27:01 GMT+0530 (India Standard Time):/department/6:DELETE',
  level: 'info'
}
{ message: 'Deleted Department with id 6', level: 'info' }
{
  message: 'Mon Aug 07 2023 18:27:04 GMT+0530 (India Standard Time):/department:GET',
  level: 'info'
}
{ message: 'recieved all departments', level: 'info' }
{
  message: 'Mon Aug 07 2023 20:17:56 GMT+0530 (India Standard Time):/employees/login:POST',
  level: 'info'
}
{ message: 'Logged in User Javed', level: 'info' }
{
  message: 'Mon Aug 07 2023 20:18:01 GMT+0530 (India Standard Time):/employees:GET',
  level: 'info'
}
{ message: 'message:jwt expired ', level: 'error' }
{
  message: 'Mon Aug 07 2023 20:30:15 GMT+0530 (India Standard Time):/department:GET',
  level: 'info'
}
{ message: 'recieved all departments', level: 'info' }
{
  message: 'Mon Aug 07 2023 20:30:21 GMT+0530 (India Standard Time):/employees/login:POST',
  level: 'info'
}
{ message: 'Logged in User Javed', level: 'info' }
{
  message: 'Mon Aug 07 2023 20:30:25 GMT+0530 (India Standard Time):/department:GET',
  level: 'info'
}
{ message: 'recieved all departments', level: 'info' }
{
  message: 'Mon Aug 07 2023 20:30:32 GMT+0530 (India Standard Time):/department/5:GET',
  level: 'info'
}
{ message: 'Recived Department with 5', level: 'info' }
{
  message: 'Mon Aug 07 2023 20:31:05 GMT+0530 (India Standard Time):/employees/login:POST',
  level: 'info'
}
{ message: 'Logged in User Javed', level: 'info' }
{
  message: 'Mon Aug 07 2023 20:31:08 GMT+0530 (India Standard Time):/department:GET',
  level: 'info'
}
{ message: 'recieved all departments', level: 'info' }
{
  message: 'Mon Aug 07 2023 20:31:10 GMT+0530 (India Standard Time):/department:GET',
  level: 'info'
}
{ message: 'recieved all departments', level: 'info' }
{
  message: 'Mon Aug 07 2023 20:31:14 GMT+0530 (India Standard Time):/department/5:GET',
  level: 'info'
}
{ message: 'Recived Department with 5', level: 'info' }
{
  message: 'Mon Aug 07 2023 20:31:44 GMT+0530 (India Standard Time):/department:GET',
  level: 'info'
}
{ message: 'recieved all departments', level: 'info' }
{
  message: 'Mon Aug 07 2023 20:32:28 GMT+0530 (India Standard Time):/department:GET',
  level: 'info'
}
{ message: 'recieved all departments', level: 'info' }
{
  message: 'Mon Aug 07 2023 20:32:51 GMT+0530 (India Standard Time):/department:POST',
  level: 'info'
}
{ message: 'message:invalid signature ', level: 'error' }
{
  message: 'Tue Aug 08 2023 10:10:13 GMT+0530 (India Standard Time):/employees/login:POST',
  level: 'info'
}
{ message: 'Logged in User Javed', level: 'info' }
{
  message: 'Tue Aug 08 2023 10:10:20 GMT+0530 (India Standard Time):/department:GET',
  level: 'info'
}
{ message: 'recieved all departments', level: 'info' }
{
  message: 'Tue Aug 08 2023 10:10:24 GMT+0530 (India Standard Time):/department/5:GET',
  level: 'info'
}
{ message: 'Recived Department with 5', level: 'info' }
{
  message: 'Tue Aug 08 2023 10:10:32 GMT+0530 (India Standard Time):/employees:GET',
  level: 'info'
}
{ message: 'message:jwt expired ', level: 'error' }
{
  message: 'Tue Aug 08 2023 10:10:50 GMT+0530 (India Standard Time):/employees:GET',
  level: 'info'
}
{ message: 'Recieved All Departments', level: 'info' }
{
  message: 'Tue Aug 08 2023 19:53:49 GMT+0530 (India Standard Time):/employees/login:POST',
  level: 'info'
}
{ message: 'Logged in User Javed', level: 'info' }
{
  message: 'Tue Aug 08 2023 19:54:02 GMT+0530 (India Standard Time):/employees:GET',
  level: 'info'
}
{ message: 'Recieved All Departments', level: 'info' }
{
  message: 'Tue Aug 08 2023 19:54:09 GMT+0530 (India Standard Time):/department/5:GET',
  level: 'info'
}
{ message: 'Recived Department with 5', level: 'info' }
{
  message: 'Tue Aug 08 2023 19:54:12 GMT+0530 (India Standard Time):/department:GET',
  level: 'info'
}
{ message: 'recieved all departments', level: 'info' }
{
  message: 'Tue Aug 08 2023 20:10:59 GMT+0530 (India Standard Time):/employees/login:POST',
  level: 'info'
}
{ message: 'Logged in User Javed', level: 'info' }
{
  message: 'Tue Aug 08 2023 20:11:14 GMT+0530 (India Standard Time):/employees:GET',
  level: 'info'
}
{ message: 'message:invalid token ', level: 'error' }
{
  message: 'Tue Aug 08 2023 20:11:32 GMT+0530 (India Standard Time):/employees:GET',
  level: 'info'
}
{ message: 'Recieved All Departments', level: 'info' }
{
  message: 'Tue Aug 08 2023 20:12:06 GMT+0530 (India Standard Time):/employees:POST',
  level: 'info'
}
{ message: 'Created Department with id 11', level: 'info' }
{
  message: 'Tue Aug 08 2023 20:12:13 GMT+0530 (India Standard Time):/employees:GET',
  level: 'info'
}
{ message: 'Recieved All Departments', level: 'info' }
{
  message: 'Tue Aug 08 2023 20:12:25 GMT+0530 (India Standard Time):/roles:GET',
  level: 'info'
}
{ message: 'message:jwt must be provided ', level: 'error' }
{
  message: 'Tue Aug 08 2023 20:12:35 GMT+0530 (India Standard Time):/roles:GET',
  level: 'info'
}
{
  message: 'Tue Aug 08 2023 20:15:55 GMT+0530 (India Standard Time):/employees?offset=1&length=1:GET',
  level: 'info'
}
{ message: 'Recieved All Departments', level: 'info' }
{
  message: 'Tue Aug 08 2023 20:22:35 GMT+0530 (India Standard Time):/department:GET',
  level: 'info'
}
{
  message: 'Tue Aug 08 2023 20:22:56 GMT+0530 (India Standard Time):/department?offset=1&length=1:GET',
  level: 'info'
}
{
  message: 'Tue Aug 08 2023 20:23:03 GMT+0530 (India Standard Time):/department?offset=1&length=1:GET',
  level: 'info'
}
{
  message: 'Tue Aug 08 2023 20:23:25 GMT+0530 (India Standard Time):/employees?offset=1&length=1:GET',
  level: 'info'
}
{ message: 'Recieved All Departments', level: 'info' }
{
  message: 'Tue Aug 08 2023 20:23:40 GMT+0530 (India Standard Time):/department?offset=1&length=1:GET',
  level: 'info'
}
{
  message: 'Tue Aug 08 2023 20:23:54 GMT+0530 (India Standard Time):/employees/login:POST',
  level: 'info'
}
{ message: 'Logged in User Javed', level: 'info' }
{
  message: 'Tue Aug 08 2023 20:24:05 GMT+0530 (India Standard Time):/department?offset=1&length=1:GET',
  level: 'info'
}
{
  message: 'Tue Aug 08 2023 20:24:45 GMT+0530 (India Standard Time):/department:GET',
  level: 'info'
}
{
  message: 'Tue Aug 08 2023 20:24:51 GMT+0530 (India Standard Time):/department?offset=1&length=1:GET',
  level: 'info'
}
{
  message: 'Tue Aug 08 2023 20:25:30 GMT+0530 (India Standard Time):/department?offset=1&length=1:GET',
  level: 'info'
}
{ message: 'recieved all departments', level: 'info' }
{
  message: 'Tue Aug 08 2023 20:25:42 GMT+0530 (India Standard Time):/department?offset=1&length=2:GET',
  level: 'info'
}
{ message: 'recieved all departments', level: 'info' }
{
  message: 'Tue Aug 08 2023 20:27:19 GMT+0530 (India Standard Time):/department:GET',
  level: 'info'
}
{ message: 'recieved all departments', level: 'info' }
{
  message: 'Tue Aug 08 2023 20:27:34 GMT+0530 (India Standard Time):/department?offset=1&length=1:GET',
  level: 'info'
}
{ message: 'recieved all departments', level: 'info' }
{
  message: 'Tue Aug 08 2023 20:27:41 GMT+0530 (India Standard Time):/department?offset=1&length=2:GET',
  level: 'info'
}
{ message: 'recieved all departments', level: 'info' }
{
  message: 'Tue Aug 08 2023 20:27:44 GMT+0530 (India Standard Time):/department?offset=2&length=2:GET',
  level: 'info'
}
{ message: 'recieved all departments', level: 'info' }
{
  message: 'Tue Aug 08 2023 20:27:50 GMT+0530 (India Standard Time):/department?length=2:GET',
  level: 'info'
}
{ message: 'recieved all departments', level: 'info' }
{
  message: 'Tue Aug 08 2023 20:28:01 GMT+0530 (India Standard Time):/department:GET',
  level: 'info'
}
{ message: 'recieved all departments', level: 'info' }
{
  message: 'Tue Aug 08 2023 20:28:12 GMT+0530 (India Standard Time):/employees?length=1:GET',
  level: 'info'
}
{ message: 'Recieved All Departments', level: 'info' }
{
  message: 'Tue Aug 08 2023 20:28:17 GMT+0530 (India Standard Time):/employees:GET',
  level: 'info'
}
{ message: 'Recieved All Departments', level: 'info' }
{
  message: 'Tue Aug 08 2023 20:28:23 GMT+0530 (India Standard Time):/employees?length=1:GET',
  level: 'info'
}
{ message: 'Recieved All Departments', level: 'info' }
{
  message: 'Tue Aug 08 2023 20:28:34 GMT+0530 (India Standard Time):/employees:GET',
  level: 'info'
}
{ message: 'Recieved All Departments', level: 'info' }
{
  message: 'Tue Aug 08 2023 20:28:42 GMT+0530 (India Standard Time):/employees?length=2:GET',
  level: 'info'
}
{ message: 'Recieved All Departments', level: 'info' }
